0 info it worked if it ends with ok
1 verbose cli [ 'C:\\apps\\nodejs\\node.exe',
1 verbose cli   'C:\\apps\\nodejs\\node_modules\\npm\\bin\\npm-cli.js',
1 verbose cli   'run',
1 verbose cli   'lite' ]
2 info using npm@3.8.9
3 info using node@v6.2.0
4 verbose run-script [ 'prelite', 'lite', 'postlite' ]
5 info lifecycle angular2-tour-of-heroes@1.0.0~prelite: angular2-tour-of-heroes@1.0.0
6 silly lifecycle angular2-tour-of-heroes@1.0.0~prelite: no script for prelite, continuing
7 info lifecycle angular2-tour-of-heroes@1.0.0~lite: angular2-tour-of-heroes@1.0.0
8 verbose lifecycle angular2-tour-of-heroes@1.0.0~lite: unsafe-perm in lifecycle true
9 verbose lifecycle angular2-tour-of-heroes@1.0.0~lite: PATH: C:\apps\nodejs\node_modules\npm\bin\node-gyp-bin;C:\proj\angular2-tour-of-heroes\node_modules\.bin;C:\apps\nodejs;C:\apps\nodejs\node_modules\npm\bin\node-gyp-bin;C:\proj\angular2-tour-of-heroes\node_modules\.bin;C:\apps\nodejs;C:\ProgramData\Oracle\Java\javapath;C:\Python3\Scripts\;C:\Python3\;C:\Users\RSkokan\apps\ora\product\11.2.0\dbhome_1\bin;C:\Program Files (x86)\Intel\iCLS Client\;C:\Program Files\Intel\iCLS Client\;C:\WINDOWS\system32;C:\WINDOWS;C:\WINDOWS\System32\Wbem;C:\WINDOWS\System32\WindowsPowerShell\v1.0\;C:\Program Files\Intel\WiFi\bin\;C:\Program Files\Common Files\Intel\WirelessCommon\;C:\Program Files\Intel\Intel(R) Management Engine Components\DAL;C:\Program Files (x86)\Intel\Intel(R) Management Engine Components\DAL;C:\Program Files\Intel\Intel(R) Management Engine Components\IPT;C:\Program Files (x86)\Intel\Intel(R) Management Engine Components\IPT;C:\Program Files\TortoiseSVN\bin;C:\Program Files\Git\cmd;C:\Program Files\Java\jdk1.8.0_77\bin;C:\Program Files (x86)\vim\vim74;C:\ProgramData\chocolatey\bin;C:\Program Files (x86)\Windows Live\Shared;C:\Program Files\Java\jdk1.8.0_92\bin;;C:\Elixir\erl7.2.1\bin;C:\Elixir\elx\bin;C:\apps\nodejs\;C:\Program Files (x86)\Skype\Phone\;C:\Users\RSkokan\apps\ora\product\11.2.0\dbhome_1\bin;C:\ProgramData\Oracle\Java\javapath;C:\Program Files (x86)\Intel\iCLS Client\;C:\Program Files\Intel\iCLS Client\;C:\WINDOWS\system32;C:\WINDOWS;C:\WINDOWS\System32\Wbem;C:\WINDOWS\System32\WindowsPowerShell\v1.0\;C:\Program Files\Intel\WiFi\bin\;C:\Program Files\Common Files\Intel\WirelessCommon\;C:\Program Files\Intel\Intel(R) Management Engine Components\DAL;C:\Program Files (x86)\Intel\Intel(R) Management Engine Components\DAL;C:\Program Files\Intel\Intel(R) Management Engine Components\IPT;C:\Program Files (x86)\Intel\Intel(R) Management Engine Components\IPT;C:\Program Files\TortoiseSVN\bin;C:\Program Files (x86)\Skype\Phone\;C:\Program Files (x86)\Windows Kits\10\Windows Performance Toolkit\;C:\Program Files (x86)\nodejs\;C:\Program Files\Git\cmd;C:\Program Files\Microsoft SQL Server\120\Tools\Binn\;C:\Program Files\Java\jdk1.8.0_77\bin;C:\Program Files (x86)\vim\vim74;C:\ProgramData\chocolatey\bin;C:\tools\apache-maven-3.3.3\bin;C:\Users\RSkokan\AppData\Roaming\npm;C:\apps\PostgreSQL\9.5\bin;C:\Program Files (x86)\Microsoft VS Code\bin
10 verbose lifecycle angular2-tour-of-heroes@1.0.0~lite: CWD: C:\proj\angular2-tour-of-heroes
11 silly lifecycle angular2-tour-of-heroes@1.0.0~lite: Args: [ '/d /s /c', 'lite-server' ]
12 silly lifecycle angular2-tour-of-heroes@1.0.0~lite: Returned: code: 1  signal: null
13 info lifecycle angular2-tour-of-heroes@1.0.0~lite: Failed to exec lite script
14 verbose stack Error: angular2-tour-of-heroes@1.0.0 lite: `lite-server`
14 verbose stack Exit status 1
14 verbose stack     at EventEmitter.<anonymous> (C:\apps\nodejs\node_modules\npm\lib\utils\lifecycle.js:245:16)
14 verbose stack     at emitTwo (events.js:106:13)
14 verbose stack     at EventEmitter.emit (events.js:191:7)
14 verbose stack     at ChildProcess.<anonymous> (C:\apps\nodejs\node_modules\npm\lib\utils\spawn.js:24:14)
14 verbose stack     at emitTwo (events.js:106:13)
14 verbose stack     at ChildProcess.emit (events.js:191:7)
14 verbose stack     at maybeClose (internal/child_process.js:850:16)
14 verbose stack     at Process.ChildProcess._handle.onexit (internal/child_process.js:215:5)
15 verbose pkgid angular2-tour-of-heroes@1.0.0
16 verbose cwd C:\proj\angular2-tour-of-heroes
17 error Windows_NT 10.0.10586
18 error argv "C:\\apps\\nodejs\\node.exe" "C:\\apps\\nodejs\\node_modules\\npm\\bin\\npm-cli.js" "run" "lite"
19 error node v6.2.0
20 error npm  v3.8.9
21 error code ELIFECYCLE
22 error angular2-tour-of-heroes@1.0.0 lite: `lite-server`
22 error Exit status 1
23 error Failed at the angular2-tour-of-heroes@1.0.0 lite script 'lite-server'.
23 error Make sure you have the latest version of node.js and npm installed.
23 error If you do, this is most likely a problem with the angular2-tour-of-heroes package,
23 error not with npm itself.
23 error Tell the author that this fails on your system:
23 error     lite-server
23 error You can get information on how to open an issue for this project with:
23 error     npm bugs angular2-tour-of-heroes
23 error Or if that isn't available, you can get their info via:
23 error     npm owner ls angular2-tour-of-heroes
23 error There is likely additional logging output above.
24 verbose exit [ 1, true ]
